<?xml version="1.0" encoding="UTF-8"?>
<testng-results ignored="0" total="1" passed="1" failed="0" skipped="0">
  <reporter-output>
  </reporter-output>
  <suite started-at="2023-11-26T21:28:21 IST" name="Sanity Suite" finished-at="2023-11-26T21:28:47 IST" duration-ms="26308">
    <groups>
      <group name="cucumber">
        <method signature="AbstractTestNGCucumberTests.runScenario(io.cucumber.testng.PickleWrapper,io.cucumber.testng.FeatureWrapper)[pri:0, instance:runner.BaseRunner@179ece50]" name="runScenario" class="io.cucumber.testng.AbstractTestNGCucumberTests"/>
      </group> <!-- cucumber -->
    </groups>
    <test started-at="2023-11-26T21:28:21 IST" name="Hitek" finished-at="2023-11-26T21:28:47 IST" duration-ms="26308">
      <class name="runner.BaseRunner">
        <test-method is-config="true" signature="setUpClass(org.testng.ITestContext)[pri:0, instance:runner.BaseRunner@179ece50]" started-at="2023-11-26T21:28:21 IST" name="setUpClass" finished-at="2023-11-26T21:28:22 IST" duration-ms="1480" status="PASS">
          <params>
            <param index="0">
              <value>
                <![CDATA[org.testng.TestRunner@288f173f]]>
              </value>
            </param>
          </params>
          <reporter-output>
          </reporter-output>
        </test-method> <!-- setUpClass -->
        <test-method signature="runScenario(io.cucumber.testng.PickleWrapper,io.cucumber.testng.FeatureWrapper)[pri:0, instance:runner.BaseRunner@179ece50]" started-at="2023-11-26T21:28:22 IST" name="runScenario" description="Runs Cucumber Scenarios" data-provider="scenarios" finished-at="2023-11-26T21:28:47 IST" duration-ms="24458" status="PASS">
          <params>
            <param index="0">
              <value>
                <![CDATA["Verify user able to click on the get more and able to receive follow us footer"]]>
              </value>
            </param>
            <param index="1">
              <value>
                <![CDATA["Home screen"]]>
              </value>
            </param>
          </params>
          <reporter-output>
          </reporter-output>
        </test-method> <!-- runScenario -->
        <test-method is-config="true" signature="tearDownClass()[pri:0, instance:runner.BaseRunner@179ece50]" started-at="2023-11-26T21:28:47 IST" name="tearDownClass" finished-at="2023-11-26T21:28:47 IST" duration-ms="238" status="PASS">
          <reporter-output>
          </reporter-output>
        </test-method> <!-- tearDownClass -->
      </class> <!-- runner.BaseRunner -->
    </test> <!-- Hitek -->
  </suite> <!-- Sanity Suite -->
</testng-results>
