<?xml version="1.0" encoding="UTF-8"?>
<!-- Generated by org.testng.reporters.JUnitReportReporter -->
<testsuite hostname="DB-L-199" failures="0" tests="1" name="runners.SanityRunner" time="1.000" errors="1" timestamp="2023-11-26T20:52:26 IST" skipped="0">
  <testcase classname="runners.SanityRunner" name="runScenario" time="1.000">
    <error message="Unresolved compilation problem: 
	The method launchDriver(String) is undefined for the type BaseUtil
" type="java.lang.Error">
      <![CDATA[java.lang.Error: Unresolved compilation problem: 
The method launchDriver(String) is undefined for the type BaseUtil

at steps.HomePageSteps.user_launch_the_application(HomePageSteps.java:19)
at ✽.User launch the application(file:///C:/Users/sharu/eclipse-workspace/Demo/src/main/resources/Feature/HomePage.feature:24)
]]>
    </error>
  </testcase> <!-- runScenario -->
  <system-out/>
</testsuite> <!-- runners.SanityRunner -->
